app/build/outputs/logs/manifest-merger-debug-report.txt
-- Merging decision tree log ---
manifest
ADDED from src\main\AndroidManifest.xml:2:1-342:12
	package
		ADDED from src\main\AndroidManifest.xml:4:11-52
		INJECTED from src\main\AndroidManifest.xml
		INJECTED from src\main\AndroidManifest.xml
	android:versionName
		INJECTED from src\main\AndroidManifest.xml
		INJECTED from src\main\AndroidManifest.xml
	xmlns:tools
		ADDED from src\main\AndroidManifest.xml:3:11-57
	xmlns:android
		ADDED from src\main\AndroidManifest.xml:2:11-69
	android:versionCode
		INJECTED from src\main\AndroidManifest.xml
		INJECTED from src\main\AndroidManifest.xml
uses-permission#android.permission.ACCESS_COARSE_LOCATION
ADDED from src\main\AndroidManifest.xml:7:5-80
	android:name
		ADDED from src\main\AndroidManifest.xml:7:22-78
uses-permission#android.permission.ACCESS_FINE_LOCATION
ADDED from src\main\AndroidManifest.xml:9:5-78
	android:name
		ADDED from src\main\AndroidManifest.xml:9:22-76
uses-permission#android.permission.READER_EXTERNAL_STORAGE
ADDED from src\main\AndroidManifest.xml:11:5-81
	android:name
		ADDED from src\main\AndroidManifest.xml:11:22-79
uses-permission#android.permission.WRITE_EXTERNAL_STORAGE
ADDED from src\main\AndroidManifest.xml:13:5-80
MERGED from [SellPopularizeSystem:rxeasyhttp:unspecified] AndroidManifest.xml:11:5-81
MERGED from [com.getui:sdk:2.10.2.0] AndroidManifest.xml:18:5-81
MERGED from [com.tencent.bugly:crashreport_upgrade:1.3.1] AndroidManifest.xml:16:5-81
	android:name
		ADDED from src\main\AndroidManifest.xml:13:22-78
uses-permission#android.permission.ACCESS_NETWORK_STATE
ADDED from src\main\AndroidManifest.xml:15:5-78
MERGED from [SellPopularizeSystem:rxeasyhttp:unspecified] AndroidManifest.xml:13:5-79
MERGED from [fm.jiecao:jiecaovideoplayer:5.5.4] AndroidManifest.xml:11:5-79
MERGED from [com.getui:sdk:2.10.2.0] AndroidManifest.xml:13:5-79
MERGED from [com.tencent.bugly:crashreport_upgrade:1.3.1] AndroidManifest.xml:13:5-79
	android:name
		ADDED from src\main\AndroidManifest.xml:15:22-76
uses-permission#android.permission.ACCESS_WIFI_STATE
ADDED from src\main\AndroidManifest.xml:17:5-75
MERGED from [com.getui:sdk:2.10.2.0] AndroidManifest.xml:15:5-76
MERGED from [com.tencent.bugly:crashreport_upgrade:1.3.1] AndroidManifest.xml:14:5-76
	android:name
		ADDED from src\main\AndroidManifest.xml:17:22-73
uses-permission#android.permission.CHANGE_NETWORK_STATE
ADDED from src\main\AndroidManifest.xml:19:5-78
	android:name
		ADDED from src\main\AndroidManifest.xml:19:22-76
uses-permission#android.permission.CHANGE_WIFI_STATE
ADDED from src\main\AndroidManifest.xml:21:5-75
MERGED from [com.getui:sdk:2.10.2.0] AndroidManifest.xml:14:5-76
	android:name
		ADDED from src\main\AndroidManifest.xml:21:22-73
uses-permission#android.permission.INTERNET
ADDED from src\main\AndroidManifest.xml:23:5-66
MERGED from [SellPopularizeSystem:rxeasyhttp:unspecified] AndroidManifest.xml:14:5-67
MERGED from [com.getui:sdk:2.10.2.0] AndroidManifest.xml:11:5-67
MERGED from [com.tencent.bugly:crashreport_upgrade:1.3.1] AndroidManifest.xml:12:5-67
	android:name
		ADDED from src\main\AndroidManifest.xml:23:22-64
uses-permission#android.permission.MOUNT_UNMOUNT_FILESYSTEMS
ADDED from src\main\AndroidManifest.xml:24:5-83
MERGED from [SellPopularizeSystem:rxeasyhttp:unspecified] AndroidManifest.xml:12:5-84
	android:name
		ADDED from src\main\AndroidManifest.xml:24:22-81
uses-permission#android.permission.READ_LOGS
ADDED from src\main\AndroidManifest.xml:26:5-67
MERGED from [com.tencent.bugly:crashreport_upgrade:1.3.1] AndroidManifest.xml:15:5-68
	android:name
		ADDED from src\main\AndroidManifest.xml:26:22-65
uses-permission#android.permission.READ_PHONE_STATE
ADDED from src\main\AndroidManifest.xml:28:5-74
MERGED from [com.getui:sdk:2.10.2.0] AndroidManifest.xml:12:5-75
MERGED from [com.tencent.bugly:crashreport_upgrade:1.3.1] AndroidManifest.xml:11:5-75
	android:name
		ADDED from src\main\AndroidManifest.xml:28:22-72
uses-permission#android.permission.VIBRATE
ADDED from src\main\AndroidManifest.xml:29:5-65
MERGED from [com.getui:sdk:2.10.2.0] AndroidManifest.xml:19:5-66
	android:name
		ADDED from src\main\AndroidManifest.xml:29:22-63
uses-permission#android.permission.CALL_PHONE
ADDED from src\main\AndroidManifest.xml:30:5-68
	android:name
		ADDED from src\main\AndroidManifest.xml:30:22-66
uses-permission#android.permission.WRITE_SETTINGS
ADDED from src\main\AndroidManifest.xml:33:5-72
	android:name
		ADDED from src\main\AndroidManifest.xml:33:22-70
uses-permission#android.permission.FLASHLIGHT
ADDED from src\main\AndroidManifest.xml:34:5-68
	android:name
		ADDED from src\main\AndroidManifest.xml:34:22-66
uses-permission#android.permission.CAMERA
ADDED from src\main\AndroidManifest.xml:35:5-64
	android:name
		ADDED from src\main\AndroidManifest.xml:35:22-62
uses-permission#android.permission.RESTART_PACKAGES
ADDED from src\main\AndroidManifest.xml:36:5-74
	android:name
		ADDED from src\main\AndroidManifest.xml:36:22-72
uses-permission#android.permission.RECEIVE_BOOT_COMPLETED
ADDED from src\main\AndroidManifest.xml:37:5-80
MERGED from [com.getui:sdk:2.10.2.0] AndroidManifest.xml:17:5-81
	android:name
		ADDED from src\main\AndroidManifest.xml:37:22-78
uses-permission#android.permission.DISABLE_KEYGUARD
ADDED from src\main\AndroidManifest.xml:38:5-74
	android:name
		ADDED from src\main\AndroidManifest.xml:38:22-72
uses-permission#android.permission.ACCESS_DOWNLOAD_MANAGER
ADDED from src\main\AndroidManifest.xml:40:5-81
	android:name
		ADDED from src\main\AndroidManifest.xml:40:22-79
uses-permission#android.permission.DOWNLOAD_WITHOUT_NOTIFICATION
ADDED from src\main\AndroidManifest.xml:41:5-87
	android:name
		ADDED from src\main\AndroidManifest.xml:41:22-85
uses-permission#android.permission.EXPAND_STATUS_BAR
ADDED from src\main\AndroidManifest.xml:42:5-75
	android:name
		ADDED from src\main\AndroidManifest.xml:42:22-73
uses-permission#baidu.push.permission.WRITE_PUSHINFOPROVIDER.com.cheerychina.ipisa
ADDED from src\main\AndroidManifest.xml:44:5-105
	android:name
		ADDED from src\main\AndroidManifest.xml:44:22-103
uses-permission#android.permission.READ_CALENDAR
ADDED from src\main\AndroidManifest.xml:47:5-71
	android:name
		ADDED from src\main\AndroidManifest.xml:47:22-69
uses-permission#android.permission.WRITE_CALENDAR
ADDED from src\main\AndroidManifest.xml:48:5-72
	android:name
		ADDED from src\main\AndroidManifest.xml:48:22-70
uses-feature#android.hardware.camera
ADDED from src\main\AndroidManifest.xml:50:5-59
	android:name
		ADDED from src\main\AndroidManifest.xml:50:19-57
uses-feature#android.hardware.camera.autofocus
ADDED from src\main\AndroidManifest.xml:52:5-69
	android:name
		ADDED from src\main\AndroidManifest.xml:52:19-67
uses-permission#andorid.permission.CHANGE_CONFIGURATION
ADDED from src\main\AndroidManifest.xml:54:5-78
	android:name
		ADDED from src\main\AndroidManifest.xml:54:22-76
uses-permission#android.permission.ACCESS_NETWORK
ADDED from src\main\AndroidManifest.xml:55:5-72
	android:name
		ADDED from src\main\AndroidManifest.xml:55:22-70
uses-permission#android.permission.WAKE_LOCK
ADDED from src\main\AndroidManifest.xml:59:5-67
MERGED from [com.getui:sdk:2.10.2.0] AndroidManifest.xml:16:5-68
	android:name
		ADDED from src\main\AndroidManifest.xml:59:22-65
uses-permission#android.permission.GET_TASKS
ADDED from src\main\AndroidManifest.xml:60:5-67
MERGED from [com.getui:sdk:2.10.2.0] AndroidManifest.xml:20:5-68
	android:name
		ADDED from src\main\AndroidManifest.xml:60:22-65
uses-permission#android.permission.BLUETOOTH
ADDED from src\main\AndroidManifest.xml:62:5-67
	android:name
		ADDED from src\main\AndroidManifest.xml:62:22-65
uses-permission#android.permission.BLUETOOTH_ADMIN
ADDED from src\main\AndroidManifest.xml:63:5-73
	android:name
		ADDED from src\main\AndroidManifest.xml:63:22-71
uses-permission#android.permission.SYSTEM_ALERT_WINDOW
ADDED from src\main\AndroidManifest.xml:65:5-77
MERGED from [com.getui:sdk:2.10.2.0] AndroidManifest.xml:23:5-78
	android:name
		ADDED from src\main\AndroidManifest.xml:65:22-75
uses-permission#getui.permission.GetuiService.com.yd.org.sellpopularizesystem
ADDED from src\main\AndroidManifest.xml:66:5-100
MERGED from [com.getui:sdk:2.10.2.0] AndroidManifest.xml:26:5-86
	android:name
		ADDED from src\main\AndroidManifest.xml:66:22-98
permission#getui.permission.GetuiService.com.yd.org.sellpopularizesystem
ADDED from src\main\AndroidManifest.xml:68:5-70:43
MERGED from [com.getui:sdk:2.10.2.0] AndroidManifest.xml:28:5-30:44
	android:protectionLevel
		ADDED from src\main\AndroidManifest.xml:70:9-41
	android:name
		ADDED from src\main\AndroidManifest.xml:69:9-85
supports-screens
ADDED from src\main\AndroidManifest.xml:75:5-80:38
	android:largeScreens
		ADDED from src\main\AndroidManifest.xml:77:9-36
	android:smallScreens
		ADDED from src\main\AndroidManifest.xml:80:9-36
	android:normalScreens
		ADDED from src\main\AndroidManifest.xml:78:9-38
	android:resizeable
		ADDED from src\main\AndroidManifest.xml:79:9-34
	android:anyDensity
		ADDED from src\main\AndroidManifest.xml:76:9-34
uses-feature#0x00020000
ADDED from src\main\AndroidManifest.xml:83:5-85:34
	android:glEsVersion
		ADDED from src\main\AndroidManifest.xml:84:9-41
	android:required
		ADDED from src\main\AndroidManifest.xml:85:9-32
application
ADDED from src\main\AndroidManifest.xml:87:5-340:19
MERGED from [SellPopularizeSystem:rxeasyhttp:unspecified] AndroidManifest.xml:16:5-20:19
MERGED from [com.android.support:design:25.3.1] AndroidManifest.xml:29:5-20
MERGED from [com.android.support:transition:25.3.1] AndroidManifest.xml:26:5-20
MERGED from [com.google.android.gms:play-services-appindexing:8.4.0] AndroidManifest.xml:19:5-20
MERGED from [com.google.android.gms:play-services-basement:8.4.0] AndroidManifest.xml:20:5-24:19
MERGED from [com.android.support.constraint:constraint-layout:1.0.2] AndroidManifest.xml:9:5-20
MERGED from [com.android.support:appcompat-v7:25.3.1] AndroidManifest.xml:29:5-20
MERGED from [com.android.support:animated-vector-drawable:25.3.1] AndroidManifest.xml:26:5-20
MERGED from [com.android.support:support-vector-drawable:25.3.1] AndroidManifest.xml:26:5-20
MERGED from [com.getui:sdk:2.10.2.0] AndroidManifest.xml:32:5-98:19
MERGED from [com.tencent.bugly:crashreport_upgrade:1.3.1] AndroidManifest.xml:19:5-54:19
MERGED from [com.tbruyelle.rxpermissions:rxpermissions:0.8.2] AndroidManifest.xml:10:5-15:19
MERGED from [com.android.support:support-v4:25.3.1] AndroidManifest.xml:29:5-20
MERGED from [com.android.support:support-fragment:25.3.1] AndroidManifest.xml:29:5-20
MERGED from [com.android.support:support-media-compat:25.3.1] AndroidManifest.xml:29:5-20
MERGED from [com.android.support:support-core-ui:25.3.1] AndroidManifest.xml:29:5-20
MERGED from [com.android.support:support-core-utils:25.3.1] AndroidManifest.xml:29:5-20
MERGED from [com.android.support:support-compat:25.3.1] AndroidManifest.xml:29:5-20
	android:label
		ADDED from src\main\AndroidManifest.xml:91:9-41
	android:supportsRtl
		ADDED from src\main\AndroidManifest.xml:92:9-35
	android:allowBackup
		ADDED from src\main\AndroidManifest.xml:89:9-35
	android:icon
		ADDED from src\main\AndroidManifest.xml:90:9-35
	android:theme
		ADDED from src\main\AndroidManifest.xml:93:9-44
	tools:replace
		ADDED from src\main\AndroidManifest.xml:94:9-37
	android:name
		ADDED from src\main\AndroidManifest.xml:88:9-52
meta-data#com.amap.api.v2.apikey
ADDED from src\main\AndroidManifest.xml:96:9-98:63
	android:value
		ADDED from src\main\AndroidManifest.xml:98:13-61
	android:name
		ADDED from src\main\AndroidManifest.xml:97:13-50
provider#android.support.v4.content.FileProvider
ADDED from src\main\AndroidManifest.xml:100:9-108:20
	android:authorities
		ADDED from src\main\AndroidManifest.xml:102:13-64
		INJECTED from src\main\AndroidManifest.xml
	android:grantUriPermissions
		ADDED from src\main\AndroidManifest.xml:104:13-47
	android:exported
		ADDED from src\main\AndroidManifest.xml:103:13-37
	android:name
		ADDED from src\main\AndroidManifest.xml:101:13-67
meta-data#android.support.FILE_PROVIDER_PATHS
ADDED from src\main\AndroidManifest.xml:105:13-107:53
	android:resource
		ADDED from src\main\AndroidManifest.xml:107:17-51
	android:name
		ADDED from src\main\AndroidManifest.xml:106:17-67
activity#com.yd.org.sellpopularizesystem.activity.StartActivity
ADDED from src\main\AndroidManifest.xml:110:9-116:20
	android:name
		ADDED from src\main\AndroidManifest.xml:110:19-57
intent-filter#android.intent.action.MAIN+android.intent.category.LAUNCHER
ADDED from src\main\AndroidManifest.xml:111:13-115:29
action#android.intent.action.MAIN
ADDED from src\main\AndroidManifest.xml:112:17-68
	android:name
		ADDED from src\main\AndroidManifest.xml:112:25-66
category#android.intent.category.LAUNCHER
ADDED from src\main\AndroidManifest.xml:114:17-76
	android:name
		ADDED from src\main\AndroidManifest.xml:114:27-74
activity#com.yd.org.sellpopularizesystem.activity.CustomeActivity
ADDED from src\main\AndroidManifest.xml:117:9-119:51
	android:screenOrientation
		ADDED from src\main\AndroidManifest.xml:119:13-49
	android:name
		ADDED from src\main\AndroidManifest.xml:118:13-53
activity#com.yd.org.sellpopularizesystem.activity.ScaleActivity
ADDED from src\main\AndroidManifest.xml:120:9-123:66
	android:screenOrientation
		ADDED from src\main\AndroidManifest.xml:122:13-49
	android:windowSoftInputMode
		ADDED from src\main\AndroidManifest.xml:123:13-64
	android:name
		ADDED from src\main\AndroidManifest.xml:121:13-51
activity#com.yd.org.sellpopularizesystem.activity.LoginActivity
ADDED from src\main\AndroidManifest.xml:124:9-126:51
	android:screenOrientation
		ADDED from src\main\AndroidManifest.xml:126:13-49
	android:name
		ADDED from src\main\AndroidManifest.xml:125:13-51
activity#com.yd.org.sellpopularizesystem.activity.HomeActiviyt
ADDED from src\main\AndroidManifest.xml:127:9-130:51
	android:screenOrientation
		ADDED from src\main\AndroidManifest.xml:130:13-49
	android:launchMode
		ADDED from src\main\AndroidManifest.xml:129:13-44
	android:name
		ADDED from src\main\AndroidManifest.xml:128:13-50
activity#com.yd.org.sellpopularizesystem.activity.GuideActivity
ADDED from src\main\AndroidManifest.xml:131:9-133:51
	android:screenOrientation
		ADDED from src\main\AndroidManifest.xml:133:13-49
	android:name
		ADDED from src\main\AndroidManifest.xml:132:13-51
activity#com.yd.org.sellpopularizesystem.activity.LearningGardenActivity
ADDED from src\main\AndroidManifest.xml:134:9-136:51
	android:screenOrientation
		ADDED from src\main\AndroidManifest.xml:136:13-49
	android:name
		ADDED from src\main\AndroidManifest.xml:135:13-60
activity#com.yd.org.sellpopularizesystem.activity.SettingActivity
ADDED from src\main\AndroidManifest.xml:137:9-139:51
	android:screenOrientation
		ADDED from src\main\AndroidManifest.xml:139:13-49
	android:name
		ADDED from src\main\AndroidManifest.xml:138:13-53
activity#com.yd.org.sellpopularizesystem.activity.ChangePassWordActivity
ADDED from src\main\AndroidManifest.xml:140:9-142:51
	android:screenOrientation
		ADDED from src\main\AndroidManifest.xml:142:13-49
	android:name
		ADDED from src\main\AndroidManifest.xml:141:13-60
activity#com.yd.org.sellpopularizesystem.activity.CustomDetailedActivity
ADDED from src\main\AndroidManifest.xml:143:9-146:66
	android:screenOrientation
		ADDED from src\main\AndroidManifest.xml:145:13-49
	android:windowSoftInputMode
		ADDED from src\main\AndroidManifest.xml:146:13-64
	android:name
		ADDED from src\main\AndroidManifest.xml:144:13-60
activity#com.yd.org.sellpopularizesystem.clippicture.ClipPictureActivity
ADDED from src\main\AndroidManifest.xml:147:9-68
	android:name
		ADDED from src\main\AndroidManifest.xml:147:19-66
activity#com.yd.org.sellpopularizesystem.activity.StudyDetailaActivity
ADDED from src\main\AndroidManifest.xml:148:9-152:73
	android:screenOrientation
		ADDED from src\main\AndroidManifest.xml:151:13-50
	android:configChanges
		ADDED from src\main\AndroidManifest.xml:150:13-63
	android:theme
		ADDED from src\main\AndroidManifest.xml:152:13-71
	android:name
		ADDED from src\main\AndroidManifest.xml:149:13-58
activity#com.yd.org.sellpopularizesystem.activity.ScaleDeltaileActivity
ADDED from src\main\AndroidManifest.xml:153:9-157:73
	android:screenOrientation
		ADDED from src\main\AndroidManifest.xml:156:13-50
	android:configChanges
		ADDED from src\main\AndroidManifest.xml:155:13-63
	android:theme
		ADDED from src\main\AndroidManifest.xml:157:13-71
	android:name
		ADDED from src\main\AndroidManifest.xml:154:13-59
activity#com.yd.org.sellpopularizesystem.activity.SearchActivity
ADDED from src\main\AndroidManifest.xml:158:9-160:51
	android:screenOrientation
		ADDED from src\main\AndroidManifest.xml:160:13-49
	android:name
		ADDED from src\main\AndroidManifest.xml:159:13-52
activity#com.yd.org.sellpopularizesystem.activity.ScalListActivity
ADDED from src\main\AndroidManifest.xml:161:9-163:51
	android:screenOrientation
		ADDED from src\main\AndroidManifest.xml:163:13-49
	android:name
		ADDED from src\main\AndroidManifest.xml:162:13-54
activity#com.yd.org.sellpopularizesystem.activity.InvestigationActivity
ADDED from src\main\AndroidManifest.xml:164:9-166:51
	android:screenOrientation
		ADDED from src\main\AndroidManifest.xml:166:13-49
	android:name
		ADDED from src\main\AndroidManifest.xml:165:13-59
activity#com.yd.org.sellpopularizesystem.activity.ExaminationActivity
ADDED from src\main\AndroidManifest.xml:167:9-169:51
	android:screenOrientation
		ADDED from src\main\AndroidManifest.xml:169:13-49
	android:name
		ADDED from src\main\AndroidManifest.xml:168:13-57
activity#com.yd.org.sellpopularizesystem.activity.GradeActivity
ADDED from src\main\AndroidManifest.xml:170:9-172:51
	android:screenOrientation
		ADDED from src\main\AndroidManifest.xml:172:13-49
	android:name
		ADDED from src\main\AndroidManifest.xml:171:13-51
activity#com.yd.org.sellpopularizesystem.activity.NotificationActivity
ADDED from src\main\AndroidManifest.xml:173:9-175:51
	android:screenOrientation
		ADDED from src\main\AndroidManifest.xml:175:13-49
	android:name
		ADDED from src\main\AndroidManifest.xml:174:13-58
activity#com.yd.org.sellpopularizesystem.activity.InformationContentActivity
ADDED from src\main\AndroidManifest.xml:176:9-178:51
	android:screenOrientation
		ADDED from src\main\AndroidManifest.xml:178:13-49
	android:name
		ADDED from src\main\AndroidManifest.xml:177:13-64
activity#com.yd.org.sellpopularizesystem.activity.SaleRecordActivity
ADDED from src\main\AndroidManifest.xml:179:9-181:51
	android:screenOrientation
		ADDED from src\main\AndroidManifest.xml:181:13-49
	android:name
		ADDED from src\main\AndroidManifest.xml:180:13-56
activity#com.yd.org.sellpopularizesystem.activity.MapActivity
ADDED from src\main\AndroidManifest.xml:182:9-184:51
	android:screenOrientation
		ADDED from src\main\AndroidManifest.xml:184:13-49
	android:name
		ADDED from src\main\AndroidManifest.xml:183:13-49
activity#com.yd.org.sellpopularizesystem.wxapi.WXEntryActivity
ADDED from src\main\AndroidManifest.xml:185:9-190:74
	android:screenOrientation
		ADDED from src\main\AndroidManifest.xml:189:13-49
	android:exported
		ADDED from src\main\AndroidManifest.xml:188:13-36
	android:configChanges
		ADDED from src\main\AndroidManifest.xml:187:13-74
	android:theme
		ADDED from src\main\AndroidManifest.xml:190:13-72
	android:name
		ADDED from src\main\AndroidManifest.xml:186:13-50
meta-data#UMENG_APPKEY
ADDED from src\main\AndroidManifest.xml:192:9-198:21
	android:value
		ADDED from src\main\AndroidManifest.xml:194:13-53
	android:name
		ADDED from src\main\AndroidManifest.xml:193:13-40
meta-data#UMENG_CHANNEL
ADDED from src\main\AndroidManifest.xml:195:13-197:40
	android:value
		ADDED from src\main\AndroidManifest.xml:197:17-38
	android:name
		ADDED from src\main\AndroidManifest.xml:196:17-45
activity#com.yd.org.sellpopularizesystem.activity.ProductSubunitListActivity
ADDED from src\main\AndroidManifest.xml:200:9-202:51
	android:screenOrientation
		ADDED from src\main\AndroidManifest.xml:202:13-49
	android:name
		ADDED from src\main\AndroidManifest.xml:201:13-64
activity#com.yd.org.sellpopularizesystem.activity.ProductItemDetailActivity
ADDED from src\main\AndroidManifest.xml:203:9-205:51
	android:screenOrientation
		ADDED from src\main\AndroidManifest.xml:205:13-49
	android:name
		ADDED from src\main\AndroidManifest.xml:204:13-63
activity#com.yd.org.sellpopularizesystem.activity.MyTeamActivity
ADDED from src\main\AndroidManifest.xml:206:9-208:51
	android:screenOrientation
		ADDED from src\main\AndroidManifest.xml:208:13-49
	android:name
		ADDED from src\main\AndroidManifest.xml:207:13-52
activity#com.yd.org.sellpopularizesystem.activity.ProductSubItemDetailActivity
ADDED from src\main\AndroidManifest.xml:209:9-211:51
	android:screenOrientation
		ADDED from src\main\AndroidManifest.xml:211:13-49
	android:name
		ADDED from src\main\AndroidManifest.xml:210:13-66
activity#com.yd.org.sellpopularizesystem.activity.ReserveActivity
ADDED from src\main\AndroidManifest.xml:212:9-215:51
	android:screenOrientation
		ADDED from src\main\AndroidManifest.xml:215:13-49
	android:windowSoftInputMode
		ADDED from src\main\AndroidManifest.xml:214:13-64
	android:name
		ADDED from src\main\AndroidManifest.xml:213:13-53
activity#com.yd.org.sellpopularizesystem.activity.SaleReceiveNoticeActivity
ADDED from src\main\AndroidManifest.xml:217:9-219:51
	android:screenOrientation
		ADDED from src\main\AndroidManifest.xml:219:13-49
	android:name
		ADDED from src\main\AndroidManifest.xml:218:13-63
activity#com.yd.org.sellpopularizesystem.activity.CusOprateRecordActivity
ADDED from src\main\AndroidManifest.xml:220:9-222:51
	android:screenOrientation
		ADDED from src\main\AndroidManifest.xml:222:13-49
	android:name
		ADDED from src\main\AndroidManifest.xml:221:13-61
activity#com.yd.org.sellpopularizesystem.activity.DialogOptionActivity
ADDED from src\main\AndroidManifest.xml:223:9-227:66
	android:screenOrientation
		ADDED from src\main\AndroidManifest.xml:225:13-49
	android:windowSoftInputMode
		ADDED from src\main\AndroidManifest.xml:227:13-64
	android:theme
		ADDED from src\main\AndroidManifest.xml:226:13-47
	android:name
		ADDED from src\main\AndroidManifest.xml:224:13-58
activity#com.yd.org.sellpopularizesystem.activity.BuildingPlanActivity
ADDED from src\main\AndroidManifest.xml:228:9-231:66
	android:screenOrientation
		ADDED from src\main\AndroidManifest.xml:230:13-49
	android:windowSoftInputMode
		ADDED from src\main\AndroidManifest.xml:231:13-64
	android:name
		ADDED from src\main\AndroidManifest.xml:229:13-58
activity#com.yd.org.sellpopularizesystem.activity.FilterActivity
ADDED from src\main\AndroidManifest.xml:232:9-234:51
	android:screenOrientation
		ADDED from src\main\AndroidManifest.xml:234:13-49
	android:name
		ADDED from src\main\AndroidManifest.xml:233:13-52
activity#com.yd.org.sellpopularizesystem.activity.SelectConditionActivity
ADDED from src\main\AndroidManifest.xml:235:9-237:51
	android:screenOrientation
		ADDED from src\main\AndroidManifest.xml:237:13-49
	android:name
		ADDED from src\main\AndroidManifest.xml:236:13-61
activity#com.yd.org.sellpopularizesystem.activity.LawyerActivity
ADDED from src\main\AndroidManifest.xml:238:9-240:51
	android:screenOrientation
		ADDED from src\main\AndroidManifest.xml:240:13-49
	android:name
		ADDED from src\main\AndroidManifest.xml:239:13-52
activity#com.yd.org.sellpopularizesystem.activity.LawyerAddActivity
ADDED from src\main\AndroidManifest.xml:241:9-243:51
	android:screenOrientation
		ADDED from src\main\AndroidManifest.xml:243:13-49
	android:name
		ADDED from src\main\AndroidManifest.xml:242:13-55
activity#com.yd.org.sellpopularizesystem.activity.ImageShowActivity
ADDED from src\main\AndroidManifest.xml:244:9-247:49
	android:screenOrientation
		ADDED from src\main\AndroidManifest.xml:246:13-49
	android:theme
		ADDED from src\main\AndroidManifest.xml:247:13-47
	android:name
		ADDED from src\main\AndroidManifest.xml:245:13-55
meta-data#PUSH_APPID
ADDED from src\main\AndroidManifest.xml:250:9-252:53
MERGED from [com.getui:sdk:2.10.2.0] AndroidManifest.xml:35:9-37:47
	android:value
		ADDED from src\main\AndroidManifest.xml:252:13-51
	android:name
		ADDED from src\main\AndroidManifest.xml:251:13-38
meta-data#PUSH_APPKEY
ADDED from src\main\AndroidManifest.xml:253:9-255:53
MERGED from [com.getui:sdk:2.10.2.0] AndroidManifest.xml:38:9-40:48
	android:value
		ADDED from src\main\AndroidManifest.xml:255:13-51
	android:name
		ADDED from src\main\AndroidManifest.xml:254:13-39
meta-data#PUSH_APPSECRET
ADDED from src\main\AndroidManifest.xml:256:9-258:53
MERGED from [com.getui:sdk:2.10.2.0] AndroidManifest.xml:41:9-43:51
	android:value
		ADDED from src\main\AndroidManifest.xml:258:13-51
	android:name
		ADDED from src\main\AndroidManifest.xml:257:13-42
service#com.yd.org.sellpopularizesystem.getui.IntentService
ADDED from src\main\AndroidManifest.xml:262:9-55
	android:name
		ADDED from src\main\AndroidManifest.xml:262:18-53
service#com.yd.org.sellpopularizesystem.getui.PushService
ADDED from src\main\AndroidManifest.xml:265:9-269:45
	android:process
		ADDED from src\main\AndroidManifest.xml:269:13-43
	android:label
		ADDED from src\main\AndroidManifest.xml:268:13-40
	android:exported
		ADDED from src\main\AndroidManifest.xml:267:13-36
	android:name
		ADDED from src\main\AndroidManifest.xml:266:13-46
activity#com.yd.org.sellpopularizesystem.activity.CommissionActivity
ADDED from src\main\AndroidManifest.xml:272:9-274:51
	android:screenOrientation
		ADDED from src\main\AndroidManifest.xml:274:13-49
	android:name
		ADDED from src\main\AndroidManifest.xml:273:13-56
activity#com.yd.org.sellpopularizesystem.activity.OldProjectActivity
ADDED from src\main\AndroidManifest.xml:275:9-277:51
	android:screenOrientation
		ADDED from src\main\AndroidManifest.xml:277:13-49
	android:name
		ADDED from src\main\AndroidManifest.xml:276:13-56
activity#com.yd.org.sellpopularizesystem.activity.InvestigateListActivity
ADDED from src\main\AndroidManifest.xml:278:9-280:51
	android:screenOrientation
		ADDED from src\main\AndroidManifest.xml:280:13-49
	android:name
		ADDED from src\main\AndroidManifest.xml:279:13-61
activity#com.yd.org.sellpopularizesystem.activity.PromotionRecordActivity
ADDED from src\main\AndroidManifest.xml:281:9-283:51
	android:screenOrientation
		ADDED from src\main\AndroidManifest.xml:283:13-49
	android:name
		ADDED from src\main\AndroidManifest.xml:282:13-61
activity#com.yd.org.sellpopularizesystem.activity.FileActivity
ADDED from src\main\AndroidManifest.xml:284:9-286:51
	android:screenOrientation
		ADDED from src\main\AndroidManifest.xml:286:13-49
	android:name
		ADDED from src\main\AndroidManifest.xml:285:13-50
activity#com.yd.org.sellpopularizesystem.activity.PDFActivity
ADDED from src\main\AndroidManifest.xml:287:9-289:51
	android:screenOrientation
		ADDED from src\main\AndroidManifest.xml:289:13-49
	android:name
		ADDED from src\main\AndroidManifest.xml:288:13-49
activity#com.yd.org.sellpopularizesystem.activity.PaymentQrActivity
ADDED from src\main\AndroidManifest.xml:290:9-292:51
	android:screenOrientation
		ADDED from src\main\AndroidManifest.xml:292:13-49
	android:name
		ADDED from src\main\AndroidManifest.xml:291:13-55
activity#com.alipay.sdk.app.H5PayActivity
ADDED from src\main\AndroidManifest.xml:294:9-299:20
	android:screenOrientation
		ADDED from src\main\AndroidManifest.xml:298:13-47
	android:exported
		ADDED from src\main\AndroidManifest.xml:297:13-37
	android:configChanges
		ADDED from src\main\AndroidManifest.xml:296:13-74
	android:name
		ADDED from src\main\AndroidManifest.xml:295:13-60
activity#com.yd.org.sellpopularizesystem.wxapi.WXPayEntryActivity
ADDED from src\main\AndroidManifest.xml:302:9-307:20
	android:screenOrientation
		ADDED from src\main\AndroidManifest.xml:306:13-47
	android:exported
		ADDED from src\main\AndroidManifest.xml:305:13-36
	android:configChanges
		ADDED from src\main\AndroidManifest.xml:304:13-74
	android:name
		ADDED from src\main\AndroidManifest.xml:303:13-53
activity#com.yd.org.sellpopularizesystem.activity.StudySubitemActivity
ADDED from src\main\AndroidManifest.xml:308:9-66
	android:name
		ADDED from src\main\AndroidManifest.xml:308:19-64
activity#com.yd.org.sellpopularizesystem.activity.IntroduceActivity
ADDED from src\main\AndroidManifest.xml:309:9-63
	android:name
		ADDED from src\main\AndroidManifest.xml:309:19-61
activity#com.yd.org.sellpopularizesystem.activity.OrderDetailActivity
ADDED from src\main\AndroidManifest.xml:310:9-65
	android:name
		ADDED from src\main\AndroidManifest.xml:310:19-63
activity#com.yd.org.sellpopularizesystem.activity.VideoActivity
ADDED from src\main\AndroidManifest.xml:311:9-314:51
	android:screenOrientation
		ADDED from src\main\AndroidManifest.xml:314:13-49
	android:configChanges
		ADDED from src\main\AndroidManifest.xml:313:13-74
	android:name
		ADDED from src\main\AndroidManifest.xml:312:13-51
activity#com.yd.org.sellpopularizesystem.activity.DeclareActivity
ADDED from src\main\AndroidManifest.xml:315:9-316:20
	android:name
		ADDED from src\main\AndroidManifest.xml:315:19-59
activity#com.yd.org.sellpopularizesystem.activity.MyCertificateActivity
ADDED from src\main\AndroidManifest.xml:317:9-318:20
	android:name
		ADDED from src\main\AndroidManifest.xml:317:19-65
activity#com.yd.org.sellpopularizesystem.activity.InvoiceActivity
ADDED from src\main\AndroidManifest.xml:319:9-320:20
	android:name
		ADDED from src\main\AndroidManifest.xml:319:19-59
service#com.yd.org.sellpopularizesystem.rxdownloadoffice.function.DownloadService
ADDED from src\main\AndroidManifest.xml:321:9-322:72
	android:name
		ADDED from src\main\AndroidManifest.xml:322:13-70
receiver#com.yd.org.sellpopularizesystem.activity.MyBroadCastReciver
ADDED from src\main\AndroidManifest.xml:325:9-333:20
	android:name
		ADDED from src\main\AndroidManifest.xml:325:19-62
intent-filter#cn.wps.moffice.file.close+com.kingsoft.writer.back.key.down+com.kingsoft.writer.back.key.down+com.kingsoft.writer.home.key.down